Java HotSpot(TM) 64-Bit Server VM warning: Using incremental CMS is deprecated and will likely be removed in a future release
Controller initialized
SLF4J: Class path contains multiple SLF4J bindings.
SLF4J: Found binding in [jar:file:/home/lichi/.m2/repository/org/slf4j/slf4j-log4j12/1.5.8/slf4j-log4j12-1.5.8.jar!/org/slf4j/impl/StaticLoggerBinder.class]
SLF4J: Found binding in [jar:file:/home/lichi/hadoop/hbase-0.90.0/lib/slf4j-log4j12-1.5.8.jar!/org/slf4j/impl/StaticLoggerBinder.class]
SLF4J: See http://www.slf4j.org/codes.html#multiple_bindings for an explanation.
stage: 0
stage: 0
stage: 0
stage: 0
stage: 0
stage: 0
stage: 1
stage: 2
stage: 3
stage: 4
stage: 5
stage: 6
stage: 7
0 0.1 4875940.0
1 0.14 7220662.0
2 0.18 3616637.0
3 0.22 1069528.0
4 0.26 976364.0
5 0.30000000000000004 710172.0
6 0.33999999999999997 819505.0
7 0.38 0.0
alpha: -2.2306525E7
P:0.7623775334574524 delta:2.805570855175415
stage: 8
[PUT],5356891276259945,0.52,0.380,75,5
stage: 8
[PUT],5357027317698802,0.82,0.380,75,5
stage: 8
[PUT],5357121773605952,0.26,0.380,75,5
stage: 8
[PUT],5357216641281666,0.57,0.380,75,5
stage: 8
[PUT],5357356234984290,0.60,0.380,75,5
stage: 8
[PUT],5357497695145479,2.42,0.380,78,5
stage: 8
[PUT],5357619037504388,0.58,0.380,78,5
stage: 8
[PUT],5357729360866170,0.34,0.380,78,5
stage: 8
[PUT],5357843510951135,0.67,0.380,78,5
stage: 8
[PUT],5357964643882432,0.64,0.380,78,5
stage: 8
[PUT],5358069370008819,1.31,0.380,85,5
stage: 8
[PUT],5358166272268280,0.48,0.380,85,5
stage: 8
[PUT],5358281044384803,0.61,0.380,85,5
stage: 8
[PUT],5358369181925202,0.47,0.380,85,5
stage: 8
[PUT],5358454255421077,0.46,0.380,85,5
stage: 8
[PUT],5358535959374527,0.41,0.380,85,5
stage: 8
[PUT],5358636963593069,0.37,0.380,85,5
stage: 8
[PUT],5358714973221991,0.68,0.380,85,5
stage: 8
[PUT],5358789793853412,0.61,0.380,85,5
stage: 8
[PUT],5358860390063479,0.57,0.380,85,5
stage: 8
[PUT],5358886961888684,0.36,0.380,85,5
stage: 8
[PUT],5358912366603822,0.74,0.380,85,5
stage: 8
[PUT],5358938897959260,0.46,0.380,85,5
stage: 8
[PUT],5358964626943347,0.45,0.380,85,5
stage: 8
[PUT],5358987143932863,0.36,0.380,85,5
stage: 8
[PUT],5359011570117097,0.30,0.380,85,5
stage: 8
[PUT],5359036252713806,0.38,0.380,85,5
stage: 8
[PUT],5359061762825685,0.32,0.380,85,5
stage: 8
[PUT],5359088851090123,0.43,0.380,85,5
stage: 8
[PUT],5359117540366956,0.40,0.380,85,5
stage: 8
[PUT],5359147936414912,1.05,0.380,90,5
stage: 8
[PUT],5359174544096859,0.94,0.380,90,5
stage: 8
[PUT],5359202027212299,0.35,0.380,90,5
stage: 8
[PUT],5359231370108465,0.43,0.380,90,5
stage: 8
[PUT],5359259642125964,0.32,0.380,90,5
stage: 8
[PUT],5359290223475715,0.50,0.380,90,5
stage: 8
[PUT],5359319959030366,0.41,0.380,90,5
stage: 8
[PUT],5359349141959900,0.35,0.380,90,5
stage: 8
[PUT],5359383377528441,0.49,0.380,90,5
stage: 8
[PUT],5359418470254256,0.65,0.380,90,5
stage: 8
[PUT],5359449484336504,0.17,0.380,90,5
stage: 8
[PUT],5359479826989806,0.26,0.380,90,5
stage: 8
[PUT],5359509370178176,0.25,0.380,90,5
stage: 8
[PUT],5359540244424051,0.34,0.380,90,5
stage: 8
[PUT],5359570307195163,0.50,0.380,90,5
stage: 8
[PUT],5359603243833281,0.48,0.380,90,5
stage: 8
[PUT],5359639415062444,0.33,0.380,90,5
stage: 8
[PUT],5359676132328349,0.34,0.380,90,5
stage: 8
[PUT],5359710547574276,0.28,0.380,90,5
stage: 8
[PUT],5359749689504809,0.85,0.380,90,5
stage: 8
[PUT],5359783663436044,0.24,0.380,90,5
stage: 8
[PUT],5359819233665089,0.70,0.380,90,5
stage: 8
[PUT],5359857903020023,0.26,0.380,90,5
stage: 8
[PUT],5359893616470520,0.45,0.380,90,5
stage: 8
[PUT],5359932398997993,0.72,0.380,90,5
stage: 8
[PUT],5359971461292031,0.38,0.380,90,5
stage: 8
[PUT],5360010508946958,0.48,0.380,90,5
stage: 8
[PUT],5360061934131848,0.71,0.380,90,5
stage: 8
[PUT],5360107527350943,0.29,0.380,90,5
stage: 8
[PUT],5360149866096600,0.38,0.380,90,5
stage: 8
[PUT],5360190228186416,0.50,0.380,90,5
stage: 8
[PUT],5360230605776434,0.17,0.380,90,5
stage: 8
[PUT],5360278860376720,0.62,0.380,90,5
stage: 8
[PUT],5360321594514511,0.65,0.380,90,5
stage: 8
[PUT],5360368286243318,0.50,0.380,90,5
stage: 8
[PUT],5360411880786474,0.42,0.380,90,5
stage: 8
[PUT],5360457166710605,0.41,0.380,90,5
stage: 8
[PUT],5360501634193810,0.45,0.380,90,5
stage: 8
[PUT],5360547596224183,0.73,0.380,90,5
stage: 8
[PUT],5360592598288745,0.78,0.380,90,5
stage: 8
[PUT],5360639344875650,0.41,0.380,90,5
stage: 8
[PUT],5360692285546914,0.83,0.380,90,5
stage: 8
[PUT],5360740295763792,0.75,0.380,90,5
stage: 8
[PUT],5360789407492841,0.27,0.380,90,5
stage: 8
[PUT],5360835016174667,0.44,0.380,90,5
stage: 8
[PUT],5360882220309184,0.49,0.380,90,5
stage: 8
[PUT],5360932112424545,0.36,0.380,90,5
stage: 8
[PUT],5360987625079788,0.66,0.380,90,5
stage: 8
[PUT],5361036260433262,0.44,0.380,90,5
stage: 8
[PUT],5361086368616935,0.48,0.380,90,5
stage: 8
[PUT],5361133176771483,0.45,0.380,90,5
stage: 8
[PUT],5361184085085340,0.30,0.380,90,5
stage: 8
[PUT],5361238717177629,0.91,0.380,90,5
stage: 8
[PUT],5361293395705637,0.29,0.380,90,5
stage: 8
[PUT],5361348747642130,0.31,0.380,90,5
stage: 8
[PUT],5361396863327280,0.28,0.380,90,5
stage: 8
[PUT],5361447265428763,0.44,0.380,90,5
stage: 8
[PUT],5361497887271902,0.41,0.380,90,5
stage: 8
[PUT],5361550461918401,0.64,0.380,90,5
stage: 8
[PUT],5361607150704974,0.51,0.380,90,5
stage: 8
[PUT],5361657882564345,0.31,0.380,90,5
stage: 8
[PUT],5361706536249474,0.50,0.380,90,5
stage: 8
[PUT],5361762189266443,0.28,0.380,90,5
stage: 8
[PUT],5361836486156073,0.38,0.380,90,5
stage: 8
[PUT],5361894803232409,0.49,0.380,90,5
stage: 8
[PUT],5361947364971250,0.39,0.380,90,5
stage: 8
[PUT],5361994178048237,0.41,0.380,90,5
stage: 8
[PUT],5362043280282780,0.39,0.380,90,5
stage: 8
[PUT],5362094455504108,0.36,0.380,90,5
stage: 8
[PUT],5362147426901961,0.47,0.380,90,5
stage: 8
[PUT],5362200879347214,0.36,0.380,90,5
stage: 8
[PUT],5362254974635983,0.32,0.380,90,5
stage: 8
[PUT],5362307258274649,0.42,0.380,90,5
stage: 8
[PUT],5362359544729338,0.41,0.380,90,5
stage: 8
[PUT],5362414673840079,0.46,0.380,90,5
stage: 8
[PUT],5362472749584251,0.37,0.380,90,5
stage: 8
[PUT],5362528849613832,0.57,0.380,90,5
stage: 8
[PUT],5362586758177261,0.31,0.380,90,5
