2017-10-13 00:00:24,627 INFO org.apache.hadoop.hbase.master.LoadBalancer: Skipping load balancing.  servers=1 regions=34 average=34.0 mostloaded=34 leastloaded=34
2017-10-13 00:00:24,640 DEBUG org.apache.hadoop.hbase.master.CatalogJanitor: Scanned 32 catalog row(s) and gc'd 0 unreferenced parent region(s)
2017-10-13 00:05:24,628 INFO org.apache.hadoop.hbase.master.LoadBalancer: Skipping load balancing.  servers=1 regions=34 average=34.0 mostloaded=34 leastloaded=34
2017-10-13 00:05:24,645 DEBUG org.apache.hadoop.hbase.master.CatalogJanitor: Scanned 32 catalog row(s) and gc'd 0 unreferenced parent region(s)
2017-10-13 00:10:24,628 INFO org.apache.hadoop.hbase.master.LoadBalancer: Skipping load balancing.  servers=1 regions=34 average=34.0 mostloaded=34 leastloaded=34
2017-10-13 00:10:24,635 DEBUG org.apache.hadoop.hbase.master.CatalogJanitor: Scanned 32 catalog row(s) and gc'd 0 unreferenced parent region(s)
2017-10-13 00:15:24,628 INFO org.apache.hadoop.hbase.master.LoadBalancer: Skipping load balancing.  servers=1 regions=34 average=34.0 mostloaded=34 leastloaded=34
2017-10-13 00:15:24,643 DEBUG org.apache.hadoop.hbase.master.CatalogJanitor: Scanned 32 catalog row(s) and gc'd 0 unreferenced parent region(s)
2017-10-13 00:20:24,628 INFO org.apache.hadoop.hbase.master.LoadBalancer: Skipping load balancing.  servers=1 regions=34 average=34.0 mostloaded=34 leastloaded=34
2017-10-13 00:20:24,641 DEBUG org.apache.hadoop.hbase.master.CatalogJanitor: Scanned 32 catalog row(s) and gc'd 0 unreferenced parent region(s)
2017-10-13 00:25:24,628 INFO org.apache.hadoop.hbase.master.LoadBalancer: Skipping load balancing.  servers=1 regions=34 average=34.0 mostloaded=34 leastloaded=34
2017-10-13 00:25:24,647 DEBUG org.apache.hadoop.hbase.master.CatalogJanitor: Scanned 32 catalog row(s) and gc'd 0 unreferenced parent region(s)
2017-10-13 00:30:24,628 INFO org.apache.hadoop.hbase.master.LoadBalancer: Skipping load balancing.  servers=1 regions=34 average=34.0 mostloaded=34 leastloaded=34
2017-10-13 00:30:24,645 DEBUG org.apache.hadoop.hbase.master.CatalogJanitor: Scanned 32 catalog row(s) and gc'd 0 unreferenced parent region(s)
2017-10-13 00:35:24,628 INFO org.apache.hadoop.hbase.master.LoadBalancer: Skipping load balancing.  servers=1 regions=34 average=34.0 mostloaded=34 leastloaded=34
2017-10-13 00:35:24,637 DEBUG org.apache.hadoop.hbase.master.CatalogJanitor: Scanned 32 catalog row(s) and gc'd 0 unreferenced parent region(s)
2017-10-13 00:40:24,628 INFO org.apache.hadoop.hbase.master.LoadBalancer: Skipping load balancing.  servers=1 regions=34 average=34.0 mostloaded=34 leastloaded=34
2017-10-13 00:40:24,646 DEBUG org.apache.hadoop.hbase.master.CatalogJanitor: Scanned 32 catalog row(s) and gc'd 0 unreferenced parent region(s)
2017-10-13 00:45:24,628 INFO org.apache.hadoop.hbase.master.LoadBalancer: Skipping load balancing.  servers=1 regions=34 average=34.0 mostloaded=34 leastloaded=34
2017-10-13 00:45:24,644 DEBUG org.apache.hadoop.hbase.master.CatalogJanitor: Scanned 32 catalog row(s) and gc'd 0 unreferenced parent region(s)
2017-10-13 00:50:24,628 INFO org.apache.hadoop.hbase.master.LoadBalancer: Skipping load balancing.  servers=1 regions=34 average=34.0 mostloaded=34 leastloaded=34
2017-10-13 00:50:24,644 DEBUG org.apache.hadoop.hbase.master.CatalogJanitor: Scanned 32 catalog row(s) and gc'd 0 unreferenced parent region(s)
2017-10-13 00:55:24,628 INFO org.apache.hadoop.hbase.master.LoadBalancer: Skipping load balancing.  servers=1 regions=34 average=34.0 mostloaded=34 leastloaded=34
2017-10-13 00:55:24,646 DEBUG org.apache.hadoop.hbase.master.CatalogJanitor: Scanned 32 catalog row(s) and gc'd 0 unreferenced parent region(s)
2017-10-13 01:00:24,628 INFO org.apache.hadoop.hbase.master.LoadBalancer: Skipping load balancing.  servers=1 regions=34 average=34.0 mostloaded=34 leastloaded=34
2017-10-13 01:00:24,641 DEBUG org.apache.hadoop.hbase.master.CatalogJanitor: Scanned 32 catalog row(s) and gc'd 0 unreferenced parent region(s)
2017-10-13 01:05:24,628 INFO org.apache.hadoop.hbase.master.LoadBalancer: Skipping load balancing.  servers=1 regions=34 average=34.0 mostloaded=34 leastloaded=34
2017-10-13 01:05:24,643 DEBUG org.apache.hadoop.hbase.master.CatalogJanitor: Scanned 32 catalog row(s) and gc'd 0 unreferenced parent region(s)
2017-10-13 01:10:24,628 INFO org.apache.hadoop.hbase.master.LoadBalancer: Skipping load balancing.  servers=1 regions=34 average=34.0 mostloaded=34 leastloaded=34
2017-10-13 01:10:24,641 DEBUG org.apache.hadoop.hbase.master.CatalogJanitor: Scanned 32 catalog row(s) and gc'd 0 unreferenced parent region(s)
2017-10-13 01:15:24,628 INFO org.apache.hadoop.hbase.master.LoadBalancer: Skipping load balancing.  servers=1 regions=34 average=34.0 mostloaded=34 leastloaded=34
2017-10-13 01:15:24,647 DEBUG org.apache.hadoop.hbase.master.CatalogJanitor: Scanned 32 catalog row(s) and gc'd 0 unreferenced parent region(s)
2017-10-13 01:20:24,628 INFO org.apache.hadoop.hbase.master.LoadBalancer: Skipping load balancing.  servers=1 regions=34 average=34.0 mostloaded=34 leastloaded=34
2017-10-13 01:20:24,641 DEBUG org.apache.hadoop.hbase.master.CatalogJanitor: Scanned 32 catalog row(s) and gc'd 0 unreferenced parent region(s)
2017-10-13 01:25:24,627 INFO org.apache.hadoop.hbase.master.LoadBalancer: Skipping load balancing.  servers=1 regions=34 average=34.0 mostloaded=34 leastloaded=34
2017-10-13 01:25:24,644 DEBUG org.apache.hadoop.hbase.master.CatalogJanitor: Scanned 32 catalog row(s) and gc'd 0 unreferenced parent region(s)
2017-10-13 01:30:24,627 INFO org.apache.hadoop.hbase.master.LoadBalancer: Skipping load balancing.  servers=1 regions=34 average=34.0 mostloaded=34 leastloaded=34
2017-10-13 01:30:24,644 DEBUG org.apache.hadoop.hbase.master.CatalogJanitor: Scanned 32 catalog row(s) and gc'd 0 unreferenced parent region(s)
2017-10-13 01:35:24,628 INFO org.apache.hadoop.hbase.master.LoadBalancer: Skipping load balancing.  servers=1 regions=34 average=34.0 mostloaded=34 leastloaded=34
2017-10-13 01:35:24,639 DEBUG org.apache.hadoop.hbase.master.CatalogJanitor: Scanned 32 catalog row(s) and gc'd 0 unreferenced parent region(s)
2017-10-13 01:40:24,629 INFO org.apache.hadoop.hbase.master.LoadBalancer: Skipping load balancing.  servers=1 regions=34 average=34.0 mostloaded=34 leastloaded=34
2017-10-13 01:40:24,645 DEBUG org.apache.hadoop.hbase.master.CatalogJanitor: Scanned 32 catalog row(s) and gc'd 0 unreferenced parent region(s)
2017-10-13 01:45:24,629 INFO org.apache.hadoop.hbase.master.LoadBalancer: Skipping load balancing.  servers=1 regions=34 average=34.0 mostloaded=34 leastloaded=34
2017-10-13 01:45:24,643 DEBUG org.apache.hadoop.hbase.master.CatalogJanitor: Scanned 32 catalog row(s) and gc'd 0 unreferenced parent region(s)
2017-10-13 01:50:24,630 INFO org.apache.hadoop.hbase.master.LoadBalancer: Skipping load balancing.  servers=1 regions=34 average=34.0 mostloaded=34 leastloaded=34
2017-10-13 01:50:24,641 DEBUG org.apache.hadoop.hbase.master.CatalogJanitor: Scanned 32 catalog row(s) and gc'd 0 unreferenced parent region(s)
2017-10-13 01:55:24,630 INFO org.apache.hadoop.hbase.master.LoadBalancer: Skipping load balancing.  servers=1 regions=34 average=34.0 mostloaded=34 leastloaded=34
2017-10-13 01:55:24,646 DEBUG org.apache.hadoop.hbase.master.CatalogJanitor: Scanned 32 catalog row(s) and gc'd 0 unreferenced parent region(s)
2017-10-13 02:00:24,631 INFO org.apache.hadoop.hbase.master.LoadBalancer: Skipping load balancing.  servers=1 regions=34 average=34.0 mostloaded=34 leastloaded=34
2017-10-13 02:00:24,645 DEBUG org.apache.hadoop.hbase.master.CatalogJanitor: Scanned 32 catalog row(s) and gc'd 0 unreferenced parent region(s)
2017-10-13 02:05:24,632 INFO org.apache.hadoop.hbase.master.LoadBalancer: Skipping load balancing.  servers=1 regions=34 average=34.0 mostloaded=34 leastloaded=34
2017-10-13 02:05:24,642 DEBUG org.apache.hadoop.hbase.master.CatalogJanitor: Scanned 32 catalog row(s) and gc'd 0 unreferenced parent region(s)
2017-10-13 02:10:24,633 INFO org.apache.hadoop.hbase.master.LoadBalancer: Skipping load balancing.  servers=1 regions=34 average=34.0 mostloaded=34 leastloaded=34
2017-10-13 02:10:24,648 DEBUG org.apache.hadoop.hbase.master.CatalogJanitor: Scanned 32 catalog row(s) and gc'd 0 unreferenced parent region(s)
2017-10-13 02:15:24,633 INFO org.apache.hadoop.hbase.master.LoadBalancer: Skipping load balancing.  servers=1 regions=34 average=34.0 mostloaded=34 leastloaded=34
2017-10-13 02:15:24,647 DEBUG org.apache.hadoop.hbase.master.CatalogJanitor: Scanned 32 catalog row(s) and gc'd 0 unreferenced parent region(s)
2017-10-13 02:20:24,633 INFO org.apache.hadoop.hbase.master.LoadBalancer: Skipping load balancing.  servers=1 regions=34 average=34.0 mostloaded=34 leastloaded=34
2017-10-13 02:20:24,640 DEBUG org.apache.hadoop.hbase.master.CatalogJanitor: Scanned 32 catalog row(s) and gc'd 0 unreferenced parent region(s)
2017-10-13 02:25:24,634 INFO org.apache.hadoop.hbase.master.LoadBalancer: Skipping load balancing.  servers=1 regions=34 average=34.0 mostloaded=34 leastloaded=34
2017-10-13 02:25:24,649 DEBUG org.apache.hadoop.hbase.master.CatalogJanitor: Scanned 32 catalog row(s) and gc'd 0 unreferenced parent region(s)
2017-10-13 02:30:24,634 INFO org.apache.hadoop.hbase.master.LoadBalancer: Skipping load balancing.  servers=1 regions=34 average=34.0 mostloaded=34 leastloaded=34
2017-10-13 02:30:24,649 DEBUG org.apache.hadoop.hbase.master.CatalogJanitor: Scanned 32 catalog row(s) and gc'd 0 unreferenced parent region(s)
2017-10-13 02:35:24,634 INFO org.apache.hadoop.hbase.master.LoadBalancer: Skipping load balancing.  servers=1 regions=34 average=34.0 mostloaded=34 leastloaded=34
2017-10-13 02:35:24,649 DEBUG org.apache.hadoop.hbase.master.CatalogJanitor: Scanned 32 catalog row(s) and gc'd 0 unreferenced parent region(s)
2017-10-13 02:40:24,634 INFO org.apache.hadoop.hbase.master.LoadBalancer: Skipping load balancing.  servers=1 regions=34 average=34.0 mostloaded=34 leastloaded=34
2017-10-13 02:40:24,649 DEBUG org.apache.hadoop.hbase.master.CatalogJanitor: Scanned 32 catalog row(s) and gc'd 0 unreferenced parent region(s)
2017-10-13 02:45:24,633 INFO org.apache.hadoop.hbase.master.LoadBalancer: Skipping load balancing.  servers=1 regions=34 average=34.0 mostloaded=34 leastloaded=34
2017-10-13 02:45:24,647 DEBUG org.apache.hadoop.hbase.master.CatalogJanitor: Scanned 32 catalog row(s) and gc'd 0 unreferenced parent region(s)
2017-10-13 02:50:24,634 INFO org.apache.hadoop.hbase.master.LoadBalancer: Skipping load balancing.  servers=1 regions=34 average=34.0 mostloaded=34 leastloaded=34
2017-10-13 02:50:24,651 DEBUG org.apache.hadoop.hbase.master.CatalogJanitor: Scanned 32 catalog row(s) and gc'd 0 unreferenced parent region(s)
2017-10-13 02:55:24,635 INFO org.apache.hadoop.hbase.master.LoadBalancer: Skipping load balancing.  servers=1 regions=34 average=34.0 mostloaded=34 leastloaded=34
2017-10-13 02:55:24,649 DEBUG org.apache.hadoop.hbase.master.CatalogJanitor: Scanned 32 catalog row(s) and gc'd 0 unreferenced parent region(s)
2017-10-13 03:00:24,635 INFO org.apache.hadoop.hbase.master.LoadBalancer: Skipping load balancing.  servers=1 regions=34 average=34.0 mostloaded=34 leastloaded=34
2017-10-13 03:00:24,647 DEBUG org.apache.hadoop.hbase.master.CatalogJanitor: Scanned 32 catalog row(s) and gc'd 0 unreferenced parent region(s)
2017-10-13 03:05:24,636 INFO org.apache.hadoop.hbase.master.LoadBalancer: Skipping load balancing.  servers=1 regions=34 average=34.0 mostloaded=34 leastloaded=34
2017-10-13 03:05:24,651 DEBUG org.apache.hadoop.hbase.master.CatalogJanitor: Scanned 32 catalog row(s) and gc'd 0 unreferenced parent region(s)
2017-10-13 03:10:24,636 INFO org.apache.hadoop.hbase.master.LoadBalancer: Skipping load balancing.  servers=1 regions=34 average=34.0 mostloaded=34 leastloaded=34
2017-10-13 03:10:24,652 DEBUG org.apache.hadoop.hbase.master.CatalogJanitor: Scanned 32 catalog row(s) and gc'd 0 unreferenced parent region(s)
2017-10-13 03:15:24,635 INFO org.apache.hadoop.hbase.master.LoadBalancer: Skipping load balancing.  servers=1 regions=34 average=34.0 mostloaded=34 leastloaded=34
2017-10-13 03:15:24,653 DEBUG org.apache.hadoop.hbase.master.CatalogJanitor: Scanned 32 catalog row(s) and gc'd 0 unreferenced parent region(s)
2017-10-13 03:20:24,635 INFO org.apache.hadoop.hbase.master.LoadBalancer: Skipping load balancing.  servers=1 regions=34 average=34.0 mostloaded=34 leastloaded=34
2017-10-13 03:20:24,652 DEBUG org.apache.hadoop.hbase.master.CatalogJanitor: Scanned 32 catalog row(s) and gc'd 0 unreferenced parent region(s)
2017-10-13 03:25:24,636 INFO org.apache.hadoop.hbase.master.LoadBalancer: Skipping load balancing.  servers=1 regions=34 average=34.0 mostloaded=34 leastloaded=34
2017-10-13 03:25:24,650 DEBUG org.apache.hadoop.hbase.master.CatalogJanitor: Scanned 32 catalog row(s) and gc'd 0 unreferenced parent region(s)
2017-10-13 03:30:24,635 INFO org.apache.hadoop.hbase.master.LoadBalancer: Skipping load balancing.  servers=1 regions=34 average=34.0 mostloaded=34 leastloaded=34
2017-10-13 03:30:24,651 DEBUG org.apache.hadoop.hbase.master.CatalogJanitor: Scanned 32 catalog row(s) and gc'd 0 unreferenced parent region(s)
2017-10-13 03:35:24,635 INFO org.apache.hadoop.hbase.master.LoadBalancer: Skipping load balancing.  servers=1 regions=34 average=34.0 mostloaded=34 leastloaded=34
2017-10-13 03:35:24,650 DEBUG org.apache.hadoop.hbase.master.CatalogJanitor: Scanned 32 catalog row(s) and gc'd 0 unreferenced parent region(s)
2017-10-13 03:40:24,635 INFO org.apache.hadoop.hbase.master.LoadBalancer: Skipping load balancing.  servers=1 regions=34 average=34.0 mostloaded=34 leastloaded=34
2017-10-13 03:40:24,653 DEBUG org.apache.hadoop.hbase.master.CatalogJanitor: Scanned 32 catalog row(s) and gc'd 0 unreferenced parent region(s)
2017-10-13 03:45:24,636 INFO org.apache.hadoop.hbase.master.LoadBalancer: Skipping load balancing.  servers=1 regions=34 average=34.0 mostloaded=34 leastloaded=34
2017-10-13 03:45:24,651 DEBUG org.apache.hadoop.hbase.master.CatalogJanitor: Scanned 32 catalog row(s) and gc'd 0 unreferenced parent region(s)
2017-10-13 03:50:24,636 INFO org.apache.hadoop.hbase.master.LoadBalancer: Skipping load balancing.  servers=1 regions=34 average=34.0 mostloaded=34 leastloaded=34
2017-10-13 03:50:24,653 DEBUG org.apache.hadoop.hbase.master.CatalogJanitor: Scanned 32 catalog row(s) and gc'd 0 unreferenced parent region(s)
2017-10-13 03:55:24,638 INFO org.apache.hadoop.hbase.master.LoadBalancer: Skipping load balancing.  servers=1 regions=34 average=34.0 mostloaded=34 leastloaded=34
2017-10-13 03:55:24,647 DEBUG org.apache.hadoop.hbase.master.CatalogJanitor: Scanned 32 catalog row(s) and gc'd 0 unreferenced parent region(s)
2017-10-13 04:00:24,638 INFO org.apache.hadoop.hbase.master.LoadBalancer: Skipping load balancing.  servers=1 regions=34 average=34.0 mostloaded=34 leastloaded=34
2017-10-13 04:00:24,653 DEBUG org.apache.hadoop.hbase.master.CatalogJanitor: Scanned 32 catalog row(s) and gc'd 0 unreferenced parent region(s)
2017-10-13 04:05:24,639 INFO org.apache.hadoop.hbase.master.LoadBalancer: Skipping load balancing.  servers=1 regions=34 average=34.0 mostloaded=34 leastloaded=34
2017-10-13 04:05:24,650 DEBUG org.apache.hadoop.hbase.master.CatalogJanitor: Scanned 32 catalog row(s) and gc'd 0 unreferenced parent region(s)
2017-10-13 04:10:24,638 INFO org.apache.hadoop.hbase.master.LoadBalancer: Skipping load balancing.  servers=1 regions=34 average=34.0 mostloaded=34 leastloaded=34
2017-10-13 04:10:24,646 DEBUG org.apache.hadoop.hbase.master.CatalogJanitor: Scanned 32 catalog row(s) and gc'd 0 unreferenced parent region(s)
2017-10-13 04:15:24,639 INFO org.apache.hadoop.hbase.master.LoadBalancer: Skipping load balancing.  servers=1 regions=34 average=34.0 mostloaded=34 leastloaded=34
2017-10-13 04:15:24,651 DEBUG org.apache.hadoop.hbase.master.CatalogJanitor: Scanned 32 catalog row(s) and gc'd 0 unreferenced parent region(s)
2017-10-13 04:20:24,638 INFO org.apache.hadoop.hbase.master.LoadBalancer: Skipping load balancing.  servers=1 regions=34 average=34.0 mostloaded=34 leastloaded=34
2017-10-13 04:20:24,650 DEBUG org.apache.hadoop.hbase.master.CatalogJanitor: Scanned 32 catalog row(s) and gc'd 0 unreferenced parent region(s)
2017-10-13 04:25:24,638 INFO org.apache.hadoop.hbase.master.LoadBalancer: Skipping load balancing.  servers=1 regions=34 average=34.0 mostloaded=34 leastloaded=34
2017-10-13 04:25:24,654 DEBUG org.apache.hadoop.hbase.master.CatalogJanitor: Scanned 32 catalog row(s) and gc'd 0 unreferenced parent region(s)
2017-10-13 04:30:24,639 INFO org.apache.hadoop.hbase.master.LoadBalancer: Skipping load balancing.  servers=1 regions=34 average=34.0 mostloaded=34 leastloaded=34
2017-10-13 04:30:24,655 DEBUG org.apache.hadoop.hbase.master.CatalogJanitor: Scanned 32 catalog row(s) and gc'd 0 unreferenced parent region(s)
2017-10-13 04:35:24,639 INFO org.apache.hadoop.hbase.master.LoadBalancer: Skipping load balancing.  servers=1 regions=34 average=34.0 mostloaded=34 leastloaded=34
2017-10-13 04:35:24,656 DEBUG org.apache.hadoop.hbase.master.CatalogJanitor: Scanned 32 catalog row(s) and gc'd 0 unreferenced parent region(s)
2017-10-13 04:40:24,639 INFO org.apache.hadoop.hbase.master.LoadBalancer: Skipping load balancing.  servers=1 regions=34 average=34.0 mostloaded=34 leastloaded=34
2017-10-13 04:40:24,654 DEBUG org.apache.hadoop.hbase.master.CatalogJanitor: Scanned 32 catalog row(s) and gc'd 0 unreferenced parent region(s)
2017-10-13 04:45:24,638 INFO org.apache.hadoop.hbase.master.LoadBalancer: Skipping load balancing.  servers=1 regions=34 average=34.0 mostloaded=34 leastloaded=34
2017-10-13 04:45:24,654 DEBUG org.apache.hadoop.hbase.master.CatalogJanitor: Scanned 32 catalog row(s) and gc'd 0 unreferenced parent region(s)
2017-10-13 04:50:24,639 INFO org.apache.hadoop.hbase.master.LoadBalancer: Skipping load balancing.  servers=1 regions=34 average=34.0 mostloaded=34 leastloaded=34
2017-10-13 04:50:24,659 DEBUG org.apache.hadoop.hbase.master.CatalogJanitor: Scanned 32 catalog row(s) and gc'd 0 unreferenced parent region(s)
2017-10-13 04:55:24,638 INFO org.apache.hadoop.hbase.master.LoadBalancer: Skipping load balancing.  servers=1 regions=34 average=34.0 mostloaded=34 leastloaded=34
2017-10-13 04:55:24,650 DEBUG org.apache.hadoop.hbase.master.CatalogJanitor: Scanned 32 catalog row(s) and gc'd 0 unreferenced parent region(s)
2017-10-13 05:00:24,639 INFO org.apache.hadoop.hbase.master.LoadBalancer: Skipping load balancing.  servers=1 regions=34 average=34.0 mostloaded=34 leastloaded=34
2017-10-13 05:00:24,651 DEBUG org.apache.hadoop.hbase.master.CatalogJanitor: Scanned 32 catalog row(s) and gc'd 0 unreferenced parent region(s)
2017-10-13 05:05:24,641 INFO org.apache.hadoop.hbase.master.LoadBalancer: Skipping load balancing.  servers=1 regions=34 average=34.0 mostloaded=34 leastloaded=34
2017-10-13 05:05:24,649 DEBUG org.apache.hadoop.hbase.master.CatalogJanitor: Scanned 32 catalog row(s) and gc'd 0 unreferenced parent region(s)
2017-10-13 05:10:24,639 INFO org.apache.hadoop.hbase.master.LoadBalancer: Skipping load balancing.  servers=1 regions=34 average=34.0 mostloaded=34 leastloaded=34
2017-10-13 05:10:24,661 DEBUG org.apache.hadoop.hbase.master.CatalogJanitor: Scanned 32 catalog row(s) and gc'd 0 unreferenced parent region(s)
2017-10-13 05:15:24,640 INFO org.apache.hadoop.hbase.master.LoadBalancer: Skipping load balancing.  servers=1 regions=34 average=34.0 mostloaded=34 leastloaded=34
2017-10-13 05:15:24,656 DEBUG org.apache.hadoop.hbase.master.CatalogJanitor: Scanned 32 catalog row(s) and gc'd 0 unreferenced parent region(s)
2017-10-13 05:20:24,641 INFO org.apache.hadoop.hbase.master.LoadBalancer: Skipping load balancing.  servers=1 regions=34 average=34.0 mostloaded=34 leastloaded=34
2017-10-13 05:20:24,656 DEBUG org.apache.hadoop.hbase.master.CatalogJanitor: Scanned 32 catalog row(s) and gc'd 0 unreferenced parent region(s)
2017-10-13 05:25:24,641 INFO org.apache.hadoop.hbase.master.LoadBalancer: Skipping load balancing.  servers=1 regions=34 average=34.0 mostloaded=34 leastloaded=34
2017-10-13 05:25:24,653 DEBUG org.apache.hadoop.hbase.master.CatalogJanitor: Scanned 32 catalog row(s) and gc'd 0 unreferenced parent region(s)
2017-10-13 05:30:24,641 INFO org.apache.hadoop.hbase.master.LoadBalancer: Skipping load balancing.  servers=1 regions=34 average=34.0 mostloaded=34 leastloaded=34
2017-10-13 05:30:24,657 DEBUG org.apache.hadoop.hbase.master.CatalogJanitor: Scanned 32 catalog row(s) and gc'd 0 unreferenced parent region(s)
2017-10-13 05:35:24,641 INFO org.apache.hadoop.hbase.master.LoadBalancer: Skipping load balancing.  servers=1 regions=34 average=34.0 mostloaded=34 leastloaded=34
2017-10-13 05:35:24,654 DEBUG org.apache.hadoop.hbase.master.CatalogJanitor: Scanned 32 catalog row(s) and gc'd 0 unreferenced parent region(s)
2017-10-13 05:40:24,641 INFO org.apache.hadoop.hbase.master.LoadBalancer: Skipping load balancing.  servers=1 regions=34 average=34.0 mostloaded=34 leastloaded=34
2017-10-13 05:40:24,655 DEBUG org.apache.hadoop.hbase.master.CatalogJanitor: Scanned 32 catalog row(s) and gc'd 0 unreferenced parent region(s)
2017-10-13 05:45:24,640 INFO org.apache.hadoop.hbase.master.LoadBalancer: Skipping load balancing.  servers=1 regions=34 average=34.0 mostloaded=34 leastloaded=34
2017-10-13 05:45:24,658 DEBUG org.apache.hadoop.hbase.master.CatalogJanitor: Scanned 32 catalog row(s) and gc'd 0 unreferenced parent region(s)
2017-10-13 05:50:24,641 INFO org.apache.hadoop.hbase.master.LoadBalancer: Skipping load balancing.  servers=1 regions=34 average=34.0 mostloaded=34 leastloaded=34
2017-10-13 05:50:24,648 DEBUG org.apache.hadoop.hbase.master.CatalogJanitor: Scanned 32 catalog row(s) and gc'd 0 unreferenced parent region(s)
2017-10-13 05:55:24,641 INFO org.apache.hadoop.hbase.master.LoadBalancer: Skipping load balancing.  servers=1 regions=34 average=34.0 mostloaded=34 leastloaded=34
2017-10-13 05:55:24,651 DEBUG org.apache.hadoop.hbase.master.CatalogJanitor: Scanned 32 catalog row(s) and gc'd 0 unreferenced parent region(s)
2017-10-13 06:00:24,641 INFO org.apache.hadoop.hbase.master.LoadBalancer: Skipping load balancing.  servers=1 regions=34 average=34.0 mostloaded=34 leastloaded=34
2017-10-13 06:00:24,657 DEBUG org.apache.hadoop.hbase.master.CatalogJanitor: Scanned 32 catalog row(s) and gc'd 0 unreferenced parent region(s)
2017-10-13 06:05:24,641 INFO org.apache.hadoop.hbase.master.LoadBalancer: Skipping load balancing.  servers=1 regions=34 average=34.0 mostloaded=34 leastloaded=34
2017-10-13 06:05:24,653 DEBUG org.apache.hadoop.hbase.master.CatalogJanitor: Scanned 32 catalog row(s) and gc'd 0 unreferenced parent region(s)
2017-10-13 06:10:24,641 INFO org.apache.hadoop.hbase.master.LoadBalancer: Skipping load balancing.  servers=1 regions=34 average=34.0 mostloaded=34 leastloaded=34
2017-10-13 06:10:24,655 DEBUG org.apache.hadoop.hbase.master.CatalogJanitor: Scanned 32 catalog row(s) and gc'd 0 unreferenced parent region(s)
2017-10-13 06:15:24,641 INFO org.apache.hadoop.hbase.master.LoadBalancer: Skipping load balancing.  servers=1 regions=34 average=34.0 mostloaded=34 leastloaded=34
2017-10-13 06:15:24,653 DEBUG org.apache.hadoop.hbase.master.CatalogJanitor: Scanned 32 catalog row(s) and gc'd 0 unreferenced parent region(s)
2017-10-13 06:20:24,641 INFO org.apache.hadoop.hbase.master.LoadBalancer: Skipping load balancing.  servers=1 regions=34 average=34.0 mostloaded=34 leastloaded=34
2017-10-13 06:20:24,656 DEBUG org.apache.hadoop.hbase.master.CatalogJanitor: Scanned 32 catalog row(s) and gc'd 0 unreferenced parent region(s)
2017-10-13 06:25:24,641 INFO org.apache.hadoop.hbase.master.LoadBalancer: Skipping load balancing.  servers=1 regions=34 average=34.0 mostloaded=34 leastloaded=34
2017-10-13 06:25:24,655 DEBUG org.apache.hadoop.hbase.master.CatalogJanitor: Scanned 32 catalog row(s) and gc'd 0 unreferenced parent region(s)
2017-10-13 06:30:24,641 INFO org.apache.hadoop.hbase.master.LoadBalancer: Skipping load balancing.  servers=1 regions=34 average=34.0 mostloaded=34 leastloaded=34
2017-10-13 06:30:24,657 DEBUG org.apache.hadoop.hbase.master.CatalogJanitor: Scanned 32 catalog row(s) and gc'd 0 unreferenced parent region(s)
2017-10-13 06:35:24,641 INFO org.apache.hadoop.hbase.master.LoadBalancer: Skipping load balancing.  servers=1 regions=34 average=34.0 mostloaded=34 leastloaded=34
2017-10-13 06:35:24,658 DEBUG org.apache.hadoop.hbase.master.CatalogJanitor: Scanned 32 catalog row(s) and gc'd 0 unreferenced parent region(s)
2017-10-13 06:40:24,640 INFO org.apache.hadoop.hbase.master.LoadBalancer: Skipping load balancing.  servers=1 regions=34 average=34.0 mostloaded=34 leastloaded=34
2017-10-13 06:40:24,654 DEBUG org.apache.hadoop.hbase.master.CatalogJanitor: Scanned 32 catalog row(s) and gc'd 0 unreferenced parent region(s)
2017-10-13 06:45:24,641 INFO org.apache.hadoop.hbase.master.LoadBalancer: Skipping load balancing.  servers=1 regions=34 average=34.0 mostloaded=34 leastloaded=34
2017-10-13 06:45:24,652 DEBUG org.apache.hadoop.hbase.master.CatalogJanitor: Scanned 32 catalog row(s) and gc'd 0 unreferenced parent region(s)
2017-10-13 06:50:24,641 INFO org.apache.hadoop.hbase.master.LoadBalancer: Skipping load balancing.  servers=1 regions=34 average=34.0 mostloaded=34 leastloaded=34
2017-10-13 06:50:24,656 DEBUG org.apache.hadoop.hbase.master.CatalogJanitor: Scanned 32 catalog row(s) and gc'd 0 unreferenced parent region(s)
2017-10-13 06:55:24,641 INFO org.apache.hadoop.hbase.master.LoadBalancer: Skipping load balancing.  servers=1 regions=34 average=34.0 mostloaded=34 leastloaded=34
2017-10-13 06:55:24,654 DEBUG org.apache.hadoop.hbase.master.CatalogJanitor: Scanned 32 catalog row(s) and gc'd 0 unreferenced parent region(s)
2017-10-13 07:00:24,641 INFO org.apache.hadoop.hbase.master.LoadBalancer: Skipping load balancing.  servers=1 regions=34 average=34.0 mostloaded=34 leastloaded=34
2017-10-13 07:00:24,652 DEBUG org.apache.hadoop.hbase.master.CatalogJanitor: Scanned 32 catalog row(s) and gc'd 0 unreferenced parent region(s)
2017-10-13 07:05:24,641 INFO org.apache.hadoop.hbase.master.LoadBalancer: Skipping load balancing.  servers=1 regions=34 average=34.0 mostloaded=34 leastloaded=34
2017-10-13 07:05:24,654 DEBUG org.apache.hadoop.hbase.master.CatalogJanitor: Scanned 32 catalog row(s) and gc'd 0 unreferenced parent region(s)
2017-10-13 07:10:24,641 INFO org.apache.hadoop.hbase.master.LoadBalancer: Skipping load balancing.  servers=1 regions=34 average=34.0 mostloaded=34 leastloaded=34
2017-10-13 07:10:24,651 DEBUG org.apache.hadoop.hbase.master.CatalogJanitor: Scanned 32 catalog row(s) and gc'd 0 unreferenced parent region(s)
2017-10-13 07:15:24,641 INFO org.apache.hadoop.hbase.master.LoadBalancer: Skipping load balancing.  servers=1 regions=34 average=34.0 mostloaded=34 leastloaded=34
2017-10-13 07:15:24,659 DEBUG org.apache.hadoop.hbase.master.CatalogJanitor: Scanned 32 catalog row(s) and gc'd 0 unreferenced parent region(s)
2017-10-13 07:20:24,641 INFO org.apache.hadoop.hbase.master.LoadBalancer: Skipping load balancing.  servers=1 regions=34 average=34.0 mostloaded=34 leastloaded=34
2017-10-13 07:20:24,656 DEBUG org.apache.hadoop.hbase.master.CatalogJanitor: Scanned 32 catalog row(s) and gc'd 0 unreferenced parent region(s)
2017-10-13 07:25:24,641 INFO org.apache.hadoop.hbase.master.LoadBalancer: Skipping load balancing.  servers=1 regions=34 average=34.0 mostloaded=34 leastloaded=34
2017-10-13 07:25:24,656 DEBUG org.apache.hadoop.hbase.master.CatalogJanitor: Scanned 32 catalog row(s) and gc'd 0 unreferenced parent region(s)
2017-10-13 07:30:24,641 INFO org.apache.hadoop.hbase.master.LoadBalancer: Skipping load balancing.  servers=1 regions=34 average=34.0 mostloaded=34 leastloaded=34
2017-10-13 07:30:24,657 DEBUG org.apache.hadoop.hbase.master.CatalogJanitor: Scanned 32 catalog row(s) and gc'd 0 unreferenced parent region(s)
2017-10-13 07:35:24,640 INFO org.apache.hadoop.hbase.master.LoadBalancer: Skipping load balancing.  servers=1 regions=34 average=34.0 mostloaded=34 leastloaded=34
2017-10-13 07:35:24,649 DEBUG org.apache.hadoop.hbase.master.CatalogJanitor: Scanned 32 catalog row(s) and gc'd 0 unreferenced parent region(s)
2017-10-13 07:40:24,641 INFO org.apache.hadoop.hbase.master.LoadBalancer: Skipping load balancing.  servers=1 regions=34 average=34.0 mostloaded=34 leastloaded=34
2017-10-13 07:40:24,655 DEBUG org.apache.hadoop.hbase.master.CatalogJanitor: Scanned 32 catalog row(s) and gc'd 0 unreferenced parent region(s)
2017-10-13 07:45:24,642 INFO org.apache.hadoop.hbase.master.LoadBalancer: Skipping load balancing.  servers=1 regions=34 average=34.0 mostloaded=34 leastloaded=34
2017-10-13 07:45:24,654 DEBUG org.apache.hadoop.hbase.master.CatalogJanitor: Scanned 32 catalog row(s) and gc'd 0 unreferenced parent region(s)
2017-10-13 07:50:24,643 INFO org.apache.hadoop.hbase.master.LoadBalancer: Skipping load balancing.  servers=1 regions=34 average=34.0 mostloaded=34 leastloaded=34
2017-10-13 07:50:24,655 DEBUG org.apache.hadoop.hbase.master.CatalogJanitor: Scanned 32 catalog row(s) and gc'd 0 unreferenced parent region(s)
2017-10-13 07:55:24,643 INFO org.apache.hadoop.hbase.master.LoadBalancer: Skipping load balancing.  servers=1 regions=34 average=34.0 mostloaded=34 leastloaded=34
2017-10-13 07:55:24,652 DEBUG org.apache.hadoop.hbase.master.CatalogJanitor: Scanned 32 catalog row(s) and gc'd 0 unreferenced parent region(s)
2017-10-13 08:00:24,643 INFO org.apache.hadoop.hbase.master.LoadBalancer: Skipping load balancing.  servers=1 regions=34 average=34.0 mostloaded=34 leastloaded=34
2017-10-13 08:00:24,658 DEBUG org.apache.hadoop.hbase.master.CatalogJanitor: Scanned 32 catalog row(s) and gc'd 0 unreferenced parent region(s)
2017-10-13 08:05:24,643 INFO org.apache.hadoop.hbase.master.LoadBalancer: Skipping load balancing.  servers=1 regions=34 average=34.0 mostloaded=34 leastloaded=34
2017-10-13 08:05:24,656 DEBUG org.apache.hadoop.hbase.master.CatalogJanitor: Scanned 32 catalog row(s) and gc'd 0 unreferenced parent region(s)
2017-10-13 08:10:24,644 INFO org.apache.hadoop.hbase.master.LoadBalancer: Skipping load balancing.  servers=1 regions=34 average=34.0 mostloaded=34 leastloaded=34
2017-10-13 08:10:24,657 DEBUG org.apache.hadoop.hbase.master.CatalogJanitor: Scanned 32 catalog row(s) and gc'd 0 unreferenced parent region(s)
2017-10-13 08:15:24,645 INFO org.apache.hadoop.hbase.master.LoadBalancer: Skipping load balancing.  servers=1 regions=34 average=34.0 mostloaded=34 leastloaded=34
2017-10-13 08:15:24,652 DEBUG org.apache.hadoop.hbase.master.CatalogJanitor: Scanned 32 catalog row(s) and gc'd 0 unreferenced parent region(s)
2017-10-13 08:20:24,647 INFO org.apache.hadoop.hbase.master.LoadBalancer: Skipping load balancing.  servers=1 regions=34 average=34.0 mostloaded=34 leastloaded=34
2017-10-13 08:20:24,661 DEBUG org.apache.hadoop.hbase.master.CatalogJanitor: Scanned 32 catalog row(s) and gc'd 0 unreferenced parent region(s)
2017-10-13 08:25:24,646 INFO org.apache.hadoop.hbase.master.LoadBalancer: Skipping load balancing.  servers=1 regions=34 average=34.0 mostloaded=34 leastloaded=34
2017-10-13 08:25:24,661 DEBUG org.apache.hadoop.hbase.master.CatalogJanitor: Scanned 32 catalog row(s) and gc'd 0 unreferenced parent region(s)
2017-10-13 08:30:24,646 INFO org.apache.hadoop.hbase.master.LoadBalancer: Skipping load balancing.  servers=1 regions=34 average=34.0 mostloaded=34 leastloaded=34
2017-10-13 08:30:24,661 DEBUG org.apache.hadoop.hbase.master.CatalogJanitor: Scanned 32 catalog row(s) and gc'd 0 unreferenced parent region(s)
2017-10-13 08:35:24,646 INFO org.apache.hadoop.hbase.master.LoadBalancer: Skipping load balancing.  servers=1 regions=34 average=34.0 mostloaded=34 leastloaded=34
2017-10-13 08:35:24,656 DEBUG org.apache.hadoop.hbase.master.CatalogJanitor: Scanned 32 catalog row(s) and gc'd 0 unreferenced parent region(s)
2017-10-13 08:40:24,647 INFO org.apache.hadoop.hbase.master.LoadBalancer: Skipping load balancing.  servers=1 regions=34 average=34.0 mostloaded=34 leastloaded=34
2017-10-13 08:40:24,658 DEBUG org.apache.hadoop.hbase.master.CatalogJanitor: Scanned 32 catalog row(s) and gc'd 0 unreferenced parent region(s)
2017-10-13 08:45:24,645 INFO org.apache.hadoop.hbase.master.LoadBalancer: Skipping load balancing.  servers=1 regions=34 average=34.0 mostloaded=34 leastloaded=34
2017-10-13 08:45:24,661 DEBUG org.apache.hadoop.hbase.master.CatalogJanitor: Scanned 32 catalog row(s) and gc'd 0 unreferenced parent region(s)
2017-10-13 08:50:24,645 INFO org.apache.hadoop.hbase.master.LoadBalancer: Skipping load balancing.  servers=1 regions=34 average=34.0 mostloaded=34 leastloaded=34
2017-10-13 08:50:24,661 DEBUG org.apache.hadoop.hbase.master.CatalogJanitor: Scanned 32 catalog row(s) and gc'd 0 unreferenced parent region(s)
2017-10-13 08:55:24,645 INFO org.apache.hadoop.hbase.master.LoadBalancer: Skipping load balancing.  servers=1 regions=34 average=34.0 mostloaded=34 leastloaded=34
2017-10-13 08:55:24,659 DEBUG org.apache.hadoop.hbase.master.CatalogJanitor: Scanned 32 catalog row(s) and gc'd 0 unreferenced parent region(s)
2017-10-13 09:00:24,646 INFO org.apache.hadoop.hbase.master.LoadBalancer: Skipping load balancing.  servers=1 regions=34 average=34.0 mostloaded=34 leastloaded=34
2017-10-13 09:00:24,661 DEBUG org.apache.hadoop.hbase.master.CatalogJanitor: Scanned 32 catalog row(s) and gc'd 0 unreferenced parent region(s)
2017-10-13 09:05:24,647 INFO org.apache.hadoop.hbase.master.LoadBalancer: Skipping load balancing.  servers=1 regions=34 average=34.0 mostloaded=34 leastloaded=34
2017-10-13 09:05:24,652 DEBUG org.apache.hadoop.hbase.master.CatalogJanitor: Scanned 32 catalog row(s) and gc'd 0 unreferenced parent region(s)
2017-10-13 09:10:24,647 INFO org.apache.hadoop.hbase.master.LoadBalancer: Skipping load balancing.  servers=1 regions=34 average=34.0 mostloaded=34 leastloaded=34
2017-10-13 09:10:24,660 DEBUG org.apache.hadoop.hbase.master.CatalogJanitor: Scanned 32 catalog row(s) and gc'd 0 unreferenced parent region(s)
Fri Oct 13 09:12:06 CDT 2017 Stopping hbase (via master)
2017-10-13 09:12:28,306 INFO org.apache.hadoop.hbase.master.HMaster: Cluster shutdown requested
2017-10-13 09:12:28,947 INFO org.apache.hadoop.hbase.master.CatalogJanitor: localhost:60000-CatalogJanitor exiting
2017-10-13 09:12:28,947 INFO org.apache.hadoop.hbase.master.HMaster$1: localhost:60000-BalancerChore exiting
2017-10-13 09:12:29,002 INFO org.apache.hadoop.hbase.master.ServerManager: Waiting on regionserver(s) to go down localhost,60020,1507846517033
2017-10-13 09:12:29,515 INFO org.apache.hadoop.hbase.master.AssignmentManager$TimeoutMonitor: localhost:60000.timeoutMonitor exiting
2017-10-13 09:12:30,003 INFO org.apache.hadoop.hbase.master.ServerManager: Waiting on regionserver(s) to go down localhost,60020,1507846517033
2017-10-13 09:12:31,003 INFO org.apache.hadoop.hbase.master.ServerManager: Waiting on regionserver(s) to go down localhost,60020,1507846517033
2017-10-13 09:12:32,003 INFO org.apache.hadoop.hbase.master.ServerManager: Waiting on regionserver(s) to go down localhost,60020,1507846517033
2017-10-13 09:12:33,003 INFO org.apache.hadoop.hbase.master.ServerManager: Waiting on regionserver(s) to go down localhost,60020,1507846517033
2017-10-13 09:12:34,003 INFO org.apache.hadoop.hbase.master.ServerManager: Waiting on regionserver(s) to go down localhost,60020,1507846517033
2017-10-13 09:12:35,004 INFO org.apache.hadoop.hbase.master.ServerManager: Waiting on regionserver(s) to go down localhost,60020,1507846517033
2017-10-13 09:12:36,004 INFO org.apache.hadoop.hbase.master.ServerManager: Waiting on regionserver(s) to go down localhost,60020,1507846517033
2017-10-13 09:12:36,696 INFO org.apache.hadoop.hbase.zookeeper.RegionServerTracker: RegionServer ephemeral node deleted, processing expiration [localhost,60020,1507846517033]
2017-10-13 09:12:36,697 INFO org.apache.hadoop.hbase.master.ServerManager: Cluster shutdown set; localhost,60020,1507846517033 expired; onlineServers=0
2017-10-13 09:12:36,697 INFO org.apache.hadoop.hbase.master.HMaster: Cluster shutdown set; onlineServer=0
2017-10-13 09:12:37,004 DEBUG org.apache.hadoop.hbase.master.HMaster: Stopping service threads
2017-10-13 09:12:37,005 INFO org.apache.hadoop.ipc.HBaseServer: Stopping server on 60000
2017-10-13 09:12:37,005 INFO org.apache.hadoop.ipc.HBaseServer: Stopping IPC Server listener on 60000
2017-10-13 09:12:37,005 INFO org.apache.hadoop.ipc.HBaseServer: IPC Server handler 1 on 60000: exiting
2017-10-13 09:12:37,005 INFO org.apache.hadoop.ipc.HBaseServer: IPC Server handler 8 on 60000: exiting
2017-10-13 09:12:37,005 INFO org.apache.hadoop.ipc.HBaseServer: IPC Server handler 6 on 60000: exiting
2017-10-13 09:12:37,005 INFO org.apache.hadoop.ipc.HBaseServer: IPC Server handler 9 on 60000: exiting
2017-10-13 09:12:37,006 INFO org.apache.hadoop.ipc.HBaseServer: IPC Server handler 3 on 60000: exiting
2017-10-13 09:12:37,006 INFO org.apache.hadoop.ipc.HBaseServer: IPC Server handler 2 on 60000: exiting
2017-10-13 09:12:37,010 INFO org.apache.hadoop.ipc.HBaseServer: IPC Server handler 4 on 60000: exiting
2017-10-13 09:12:37,010 INFO org.apache.hadoop.ipc.HBaseServer: IPC Server handler 0 on 60000: exiting
2017-10-13 09:12:37,010 INFO org.apache.hadoop.ipc.HBaseServer: IPC Server handler 5 on 60000: exiting
2017-10-13 09:12:37,010 INFO org.apache.hadoop.ipc.HBaseServer: IPC Server handler 7 on 60000: exiting
2017-10-13 09:12:37,011 INFO org.apache.hadoop.hbase.master.HMaster: Stopping infoServer
2017-10-13 09:12:37,011 INFO org.apache.hadoop.hbase.master.LogCleaner: master-localhost:60000.oldLogCleaner exiting
2017-10-13 09:12:37,012 INFO org.mortbay.log: Stopped SelectChannelConnector@0.0.0.0:60010
2017-10-13 09:12:37,013 INFO org.apache.hadoop.ipc.HBaseServer: Stopping IPC Server Responder
2017-10-13 09:12:37,305 DEBUG org.apache.hadoop.hbase.catalog.CatalogTracker: Stopping catalog tracker org.apache.hadoop.hbase.catalog.CatalogTracker@5171bcef
2017-10-13 09:12:37,306 INFO org.apache.hadoop.hbase.client.HConnectionManager$HConnectionImplementation: Closed zookeeper sessionid=0x15f12a7ea9b0003
2017-10-13 09:12:37,313 INFO org.apache.zookeeper.ZooKeeper: Session: 0x15f12a7ea9b0003 closed
2017-10-13 09:12:37,313 INFO org.apache.zookeeper.ClientCnxn: EventThread shut down
2017-10-13 09:12:37,322 INFO org.apache.zookeeper.ZooKeeper: Session: 0x15f12a7ea9b0000 closed
2017-10-13 09:12:37,322 INFO org.apache.zookeeper.ClientCnxn: EventThread shut down
2017-10-13 09:12:37,322 INFO org.apache.hadoop.hbase.master.HMaster: HMaster main thread exiting
